<?xml version="1.0" encoding="utf-8" standalone="no"?>
<!--This file represents the results of running a test suite-->
<test-results name="C:\Projekty\BaseMVC\BaseMVC.Specs\bin\Debug\BaseMVC.Specs.dll" total="3" errors="0" failures="0" not-run="0" inconclusive="0" ignored="0" skipped="0" invalid="0" date="2011-07-06" time="13:59:26">
  <environment nunit-version="2.5.9.10348" clr-version="2.0.50727.5446" os-version="Microsoft Windows NT 6.1.7601 Service Pack 1" platform="Win32NT" cwd="C:\Program Files\NUnit 2.5.9\bin\net-2.0" machine-name="MGRUSZCZ-PC" user="wpietkiewicz" user-domain="mgruszcz-PC" />
  <culture-info current-culture="pl-PL" current-uiculture="pl-PL" />
  <test-suite type="Assembly" name="C:\Projekty\BaseMVC\BaseMVC.Specs\bin\Debug\BaseMVC.Specs.dll" executed="True" result="Success" success="True" time="2.520" asserts="0">
    <results>
      <test-suite type="Namespace" name="BaseMVC" executed="True" result="Success" success="True" time="2.488" asserts="0">
        <results>
          <test-suite type="Namespace" name="Specs" executed="True" result="Success" success="True" time="2.485" asserts="0">
            <results>
              <test-suite type="TestFixture" name="NewProjectCreationFeature" description="New project creation" executed="True" result="Success" success="True" time="2.483" asserts="0">
                <results>
                  <test-case name="BaseMVC.Specs.NewProjectCreationFeature.AfterSavingNewProjectWeAreRedirectedToProjectListPage" description="After saving New Project we are redirected to Project List page" executed="True" result="Success" success="True" time="1.950" asserts="1" />
                  <test-case name="BaseMVC.Specs.NewProjectCreationFeature.OpenNewProjectPageAsProjectManager" description="Open New Project page as Project Manager" executed="True" result="Success" success="True" time="0.022" asserts="5" />
                  <test-case name="BaseMVC.Specs.NewProjectCreationFeature.SavingNewProjectStoresItInDatabase" description="Saving New Project stores it in database" executed="True" result="Success" success="True" time="0.018" asserts="0" />
                </results>
              </test-suite>
            </results>
          </test-suite>
        </results>
      </test-suite>
    </results>
  </test-suite>
</test-results>